<?xml version="1.0" encoding="UTF-8"?>
<testsuite xmlns:xsi="http://www.w3.org/2001/XMLSchema-instance" xsi:noNamespaceSchemaLocation="https://maven.apache.org/surefire/maven-surefire-plugin/xsd/surefire-test-report.xsd" name="JocTest" time="0.109" tests="11" errors="0" skipped="0" failures="0">
  <properties>
[...]
</properties>
  <testcase name="nocreacion" classname="JocTest" time="0.017"/>
  <testcase name="jugada{short, short}[1]" classname="JocTest" time="0.022"/>
  <testcase name="jugada{short, short}[2]" classname="JocTest" time="0.001"/>
  <testcase name="jugada{short, short}[3]" classname="JocTest" time="0.001"/>
  <testcase name="jugada{short, short}[4]" classname="JocTest" time="0.001"/>
  <testcase name="jugada{short, short}[5]" classname="JocTest" time="0"/>
  <testcase name="jugada{short, short}[6]" classname="JocTest" time="0.001"/>
  <testcase name="jugada{short, short}[7]" classname="JocTest" time="0"/>
  <testcase name="jugada{short, short}[8]" classname="JocTest" time="0"/>
  <testcase name="jugada{short, short}[9]" classname="JocTest" time="0.001"/>
  <testcase name="creacion" classname="JocTest" time="0.001"/>
</testsuite>